d:\dev\c++\sfml_games\platformer\platformer\platformer\x64\debug\vc143.pdb
d:\dev\c++\sfml_games\platformer\platformer\platformer\x64\debug\vc143.idb
d:\dev\c++\sfml_games\platformer\platformer\platformer\x64\debug\soundengine.obj
d:\dev\c++\sfml_games\platformer\platformer\platformer\x64\debug\playerinput.obj
d:\dev\c++\sfml_games\platformer\platformer\platformer\x64\debug\main.obj
d:\dev\c++\sfml_games\platformer\platformer\platformer\x64\debug\log.obj
d:\dev\c++\sfml_games\platformer\platformer\platformer\x64\debug\gui.obj
d:\dev\c++\sfml_games\platformer\platformer\platformer\x64\debug\gameloop.obj
d:\dev\c++\sfml_games\platformer\platformer\platformer\x64\debug\engine.obj
d:\dev\c++\sfml_games\platformer\platformer\platformer\x64\debug\debug.obj
d:\dev\c++\sfml_games\platformer\platformer\platformer\x64\debug\componentmanager.obj
d:\dev\c++\sfml_games\platformer\platformer\platformer\x64\debug\component.obj
d:\dev\c++\sfml_games\platformer\platformer\platformer\x64\debug\combat.obj
d:\dev\c++\sfml_games\platformer\platformer\platformer\x64\debug\collisiondetection.obj
d:\dev\c++\sfml_games\platformer\platformer\platformer\x64\debug\collider.obj
d:\dev\c++\sfml_games\platformer\platformer\platformer\x64\debug\animator.obj
d:\dev\c++\sfml_games\platformer\platformer\platformer\x64\debug\animation.obj
d:\dev\c++\sfml_games\platformer\platformer\platformer\x64\debug\actorrenderer.obj
d:\dev\c++\sfml_games\platformer\platformer\platformer\x64\debug\actor.obj
d:\dev\c++\sfml_games\platformer\platformer\platformer\x64\debug\world.obj
d:\dev\c++\sfml_games\platformer\platformer\platformer\x64\debug\idamagable.obj
d:\dev\c++\sfml_games\platformer\platformer\platformer\x64\debug\health.obj
d:\dev\c++\sfml_games\platformer\platformer\platformer\x64\debug\scene.obj
d:\dev\c++\sfml_games\platformer\platformer\platformer\x64\debug\gamescene.obj
d:\dev\c++\sfml_games\platformer\platformer\platformer\x64\debug\gamegui.obj
d:\dev\c++\sfml_games\platformer\platformer\platformer\x64\debug\entity.obj
d:\dev\c++\sfml_games\platformer\platformer\platformer\x64\debug\mainmenuscene.obj
d:\dev\c++\sfml_games\platformer\platformer\platformer\x64\debug\enemyai.obj
d:\dev\c++\sfml_games\platformer\platformer\platformer\x64\debug\testscene.obj
d:\dev\c++\sfml_games\platformer\platformer\x64\debug\platformer.lib
d:\dev\c++\sfml_games\platformer\platformer\x64\debug\platformer.exp
d:\dev\c++\sfml_games\platformer\platformer\x64\debug\platformer.exe
d:\dev\c++\sfml_games\platformer\platformer\platformer\x64\debug\platformer.ilk
d:\dev\c++\sfml_games\platformer\platformer\x64\debug\platformer.pdb
d:\dev\c++\sfml_games\platformer\platformer\platformer\x64\debug\enemy.obj
d:\dev\c++\sfml_games\platformer\platformer\platformer\x64\debug\player.obj
d:\dev\c++\sfml_games\platformer\platformer\platformer\x64\debug\renderer.obj
d:\dev\c++\sfml_games\platformer\platformer\platformer\x64\debug\collisiondetection.obj.enc
d:\dev\c++\sfml_games\platformer\platformer\platformer\x64\debug\enemyai.obj.enc
d:\dev\c++\sfml_games\platformer\platformer\platformer\x64\debug\engine.obj.enc
d:\dev\c++\sfml_games\platformer\platformer\platformer\x64\debug\gamegui.obj.enc
d:\dev\c++\sfml_games\platformer\platformer\platformer\x64\debug\health.obj.enc
d:\dev\c++\sfml_games\platformer\platformer\platformer\x64\debug\player.obj.enc
d:\dev\c++\sfml_games\platformer\platformer\platformer\x64\debug\playerinput.obj.enc
d:\dev\c++\sfml_games\platformer\platformer\platformer\x64\debug\world.obj.enc
d:\dev\c++\sfml_games\platformer\platformer\platformer\x64\debug\platformer.tlog\cl.command.1.tlog
d:\dev\c++\sfml_games\platformer\platformer\platformer\x64\debug\platformer.tlog\cl.items.tlog
d:\dev\c++\sfml_games\platformer\platformer\platformer\x64\debug\platformer.tlog\cl.read.1.tlog
d:\dev\c++\sfml_games\platformer\platformer\platformer\x64\debug\platformer.tlog\cl.write.1.tlog
d:\dev\c++\sfml_games\platformer\platformer\platformer\x64\debug\platformer.tlog\link.command.1.tlog
d:\dev\c++\sfml_games\platformer\platformer\platformer\x64\debug\platformer.tlog\link.read.1.tlog
d:\dev\c++\sfml_games\platformer\platformer\platformer\x64\debug\platformer.tlog\link.write.1.tlog
d:\dev\c++\sfml_games\platformer\platformer\platformer\x64\debug\platformer.tlog\link.write.2u.tlog
