  World.cpp
D:\Dev\C++\SFML_Games\Platformer\Platformer\Platformer\World.cpp(25,75): warning C4244: 'argument': conversion from 'T' to 'T', possible loss of data
          with
          [
              T=unsigned int
          ]
          and
          [
              T=float
          ]
D:\Dev\C++\SFML_Games\Platformer\Platformer\Platformer\World.cpp(25,52): warning C4244: 'argument': conversion from 'T' to 'T', possible loss of data
          with
          [
              T=unsigned int
          ]
          and
          [
              T=float
          ]
D:\Dev\C++\SFML_Games\Platformer\Platformer\Platformer\World.cpp(37,17): warning C4244: 'initializing': conversion from 'T' to 'int', possible loss of data
          with
          [
              T=float
          ]
D:\Dev\C++\SFML_Games\Platformer\Platformer\Platformer\World.cpp(43,59): warning C4244: 'argument': conversion from 'float' to 'T', possible loss of data
          with
          [
              T=int
          ]
D:\Dev\C++\SFML_Games\Platformer\Platformer\Platformer\World.cpp(43,42): warning C4244: 'argument': conversion from 'float' to 'T', possible loss of data
          with
          [
              T=int
          ]
  Platformer.vcxproj -> D:\Dev\C++\SFML_Games\Platformer\Platformer\x64\Debug\Platformer.exe
